# JRE version: OpenJDK Runtime Environment (8.0_242-b01) (build 1.8.0_242-release-1644-b01)
# Java VM: OpenJDK 64-Bit Server VM (25.242-b01 mixed mode windows-amd64 compressed oops)
Heap:
 PSYoungGen      total 166912K, used 51294K [0x00000000d5580000, 0x00000000e1780000, 0x0000000100000000)
  eden space 141312K, 24% used [0x00000000d5580000,0x00000000d77cc0d8,0x00000000ddf80000)
  from space 25600K, 63% used [0x00000000dfe80000,0x00000000e0e4ba28,0x00000000e1780000)
  to   space 28672K, 0% used [0x00000000ddf80000,0x00000000ddf80000,0x00000000dfb80000)
 ParOldGen       total 79872K, used 57331K [0x0000000080000000, 0x0000000084e00000, 0x00000000d5580000)
  object space 79872K, 71% used [0x0000000080000000,0x00000000837fcee0,0x0000000084e00000)
 Metaspace       used 87258K, capacity 92012K, committed 92072K, reserved 1128448K
  class space    used 11791K, capacity 12673K, committed 12720K, reserved 1048576K
GC Heap History (10 events):
Event: 27.901 GC heap before
{Heap before GC invocations=25 (full 3):
 PSYoungGen      total 114176K, used 111402K [0x00000000d5580000, 0x00000000de300000, 0x0000000100000000)
  eden space 101376K, 100% used [0x00000000d5580000,0x00000000db880000,0x00000000db880000)
  from space 12800K, 78% used [0x00000000db880000,0x00000000dc24aac8,0x00000000dc500000)
  to   space 13824K, 0% used [0x00000000dd580000,0x00000000dd580000,0x00000000de300000)
 ParOldGen       total 79872K, used 28793K [0x0000000080000000, 0x0000000084e00000, 0x00000000d5580000)
  object space 79872K, 36% used [0x0000000080000000,0x0000000081c1e680,0x0000000084e00000)
 Metaspace       used 68380K, capacity 71760K, committed 71976K, reserved 1112064K
  class space    used 9523K, capacity 10233K, committed 10288K, reserved 1048576K
Event: 27.933 GC heap after
Heap after GC invocations=25 (full 3):
 PSYoungGen      total 126464K, used 13817K [0x00000000d5580000, 0x00000000dec00000, 0x0000000100000000)
  eden space 112640K, 0% used [0x00000000d5580000,0x00000000d5580000,0x00000000dc380000)
  from space 13824K, 99% used [0x00000000dd580000,0x00000000de2fe670,0x00000000de300000)
  to   space 18432K, 0% used [0x00000000dc380000,0x00000000dc380000,0x00000000dd580000)
 ParOldGen       total 79872K, used 35315K [0x0000000080000000, 0x0000000084e00000, 0x00000000d5580000)
  object space 79872K, 44% used [0x0000000080000000,0x000000008227cfa0,0x0000000084e00000)
 Metaspace       used 68380K, capacity 71760K, committed 71976K, reserved 1112064K
  class space    used 9523K, capacity 10233K, committed 10288K, reserved 1048576K
}
Event: 33.544 GC heap before
{Heap before GC invocations=26 (full 3):
 PSYoungGen      total 126464K, used 126457K [0x00000000d5580000, 0x00000000dec00000, 0x0000000100000000)
  eden space 112640K, 100% used [0x00000000d5580000,0x00000000dc380000,0x00000000dc380000)
  from space 13824K, 99% used [0x00000000dd580000,0x00000000de2fe670,0x00000000de300000)
  to   space 18432K, 0% used [0x00000000dc380000,0x00000000dc380000,0x00000000dd580000)
 ParOldGen       total 79872K, used 35315K [0x0000000080000000, 0x0000000084e00000, 0x00000000d5580000)
  object space 79872K, 44% used [0x0000000080000000,0x000000008227cfa0,0x0000000084e00000)
 Metaspace       used 71995K, capacity 75964K, committed 76072K, reserved 1114112K
  class space    used 10017K, capacity 10779K, committed 10800K, reserved 1048576K
Event: 33.630 GC heap after
Heap after GC invocations=26 (full 3):
 PSYoungGen      total 131072K, used 18406K [0x00000000d5580000, 0x00000000e0880000, 0x0000000100000000)
  eden space 112640K, 0% used [0x00000000d5580000,0x00000000d5580000,0x00000000dc380000)
  from space 18432K, 99% used [0x00000000dc380000,0x00000000dd5799c8,0x00000000dd580000)
  to   space 26624K, 0% used [0x00000000dee80000,0x00000000dee80000,0x00000000e0880000)
 ParOldGen       total 79872K, used 49834K [0x0000000080000000, 0x0000000084e00000, 0x00000000d5580000)
  object space 79872K, 62% used [0x0000000080000000,0x00000000830aaa30,0x0000000084e00000)
 Metaspace       used 71995K, capacity 75964K, committed 76072K, reserved 1114112K
  class space    used 10017K, capacity 10779K, committed 10800K, reserved 1048576K
}
Event: 35.491 GC heap before
{Heap before GC invocations=27 (full 3):
 PSYoungGen      total 131072K, used 131046K [0x00000000d5580000, 0x00000000e0880000, 0x0000000100000000)
  eden space 112640K, 100% used [0x00000000d5580000,0x00000000dc380000,0x00000000dc380000)
  from space 18432K, 99% used [0x00000000dc380000,0x00000000dd5799c8,0x00000000dd580000)
  to   space 26624K, 0% used [0x00000000dee80000,0x00000000dee80000,0x00000000e0880000)
 ParOldGen       total 79872K, used 49834K [0x0000000080000000, 0x0000000084e00000, 0x00000000d5580000)
  object space 79872K, 62% used [0x0000000080000000,0x00000000830aaa30,0x0000000084e00000)
 Metaspace       used 72254K, capacity 76178K, committed 76328K, reserved 1114112K
  class space    used 10018K, capacity 10780K, committed 10800K, reserved 1048576K
Event: 35.602 GC heap after
Heap after GC invocations=27 (full 3):
 PSYoungGen      total 153088K, used 24282K [0x00000000d5580000, 0x00000000e1580000, 0x0000000100000000)
  eden space 126464K, 0% used [0x00000000d5580000,0x00000000d5580000,0x00000000dd100000)
  from space 26624K, 91% used [0x00000000dee80000,0x00000000e0636838,0x00000000e0880000)
  to   space 30208K, 0% used [0x00000000dd100000,0x00000000dd100000,0x00000000dee80000)
 ParOldGen       total 79872K, used 57148K [0x0000000080000000, 0x0000000084e00000, 0x00000000d5580000)
  object space 79872K, 71% used [0x0000000080000000,0x00000000837cf350,0x0000000084e00000)
 Metaspace       used 72254K, capacity 76178K, committed 76328K, reserved 1114112K
  class space    used 10018K, capacity 10780K, committed 10800K, reserved 1048576K
}
Event: 40.164 GC heap before
{Heap before GC invocations=28 (full 3):
 PSYoungGen      total 153088K, used 150746K [0x00000000d5580000, 0x00000000e1580000, 0x0000000100000000)
  eden space 126464K, 100% used [0x00000000d5580000,0x00000000dd100000,0x00000000dd100000)
  from space 26624K, 91% used [0x00000000dee80000,0x00000000e0636838,0x00000000e0880000)
  to   space 30208K, 0% used [0x00000000dd100000,0x00000000dd100000,0x00000000dee80000)
 ParOldGen       total 79872K, used 57148K [0x0000000080000000, 0x0000000084e00000, 0x00000000d5580000)
  object space 79872K, 71% used [0x0000000080000000,0x00000000837cf350,0x0000000084e00000)
 Metaspace       used 77487K, capacity 81546K, committed 81704K, reserved 1120256K
  class space    used 10773K, capacity 11542K, committed 11568K, reserved 1048576K
Event: 40.185 GC heap after
Heap after GC invocations=28 (full 3):
 PSYoungGen      total 156672K, used 11293K [0x00000000d5580000, 0x00000000e1a80000, 0x0000000100000000)
  eden space 126464K, 0% used [0x00000000d5580000,0x00000000d5580000,0x00000000dd100000)
  from space 30208K, 37% used [0x00000000dd100000,0x00000000ddc07460,0x00000000dee80000)
  to   space 28672K, 0% used [0x00000000dfe80000,0x00000000dfe80000,0x00000000e1a80000)
 ParOldGen       total 79872K, used 57323K [0x0000000080000000, 0x0000000084e00000, 0x00000000d5580000)
  object space 79872K, 71% used [0x0000000080000000,0x00000000837faee0,0x0000000084e00000)
 Metaspace       used 77487K, capacity 81546K, committed 81704K, reserved 1120256K
  class space    used 10773K, capacity 11542K, committed 11568K, reserved 1048576K
}
Event: 1294.789 GC heap before
{Heap before GC invocations=29 (full 3):
 PSYoungGen      total 156672K, used 137757K [0x00000000d5580000, 0x00000000e1a80000, 0x0000000100000000)
  eden space 126464K, 100% used [0x00000000d5580000,0x00000000dd100000,0x00000000dd100000)
  from space 30208K, 37% used [0x00000000dd100000,0x00000000ddc07460,0x00000000dee80000)
  to   space 28672K, 0% used [0x00000000dfe80000,0x00000000dfe80000,0x00000000e1a80000)
 ParOldGen       total 79872K, used 57323K [0x0000000080000000, 0x0000000084e00000, 0x00000000d5580000)
  object space 79872K, 71% used [0x0000000080000000,0x00000000837faee0,0x0000000084e00000)
 Metaspace       used 86038K, capacity 90774K, committed 90920K, reserved 1128448K
  class space    used 11610K, capacity 12523K, committed 12592K, reserved 1048576K
Event: 1294.870 GC heap after
Heap after GC invocations=29 (full 3):
 PSYoungGen      total 166912K, used 16174K [0x00000000d5580000, 0x00000000e1780000, 0x0000000100000000)
  eden space 141312K, 0% used [0x00000000d5580000,0x00000000d5580000,0x00000000ddf80000)
  from space 25600K, 63% used [0x00000000dfe80000,0x00000000e0e4ba28,0x00000000e1780000)
  to   space 28672K, 0% used [0x00000000ddf80000,0x00000000ddf80000,0x00000000dfb80000)
 ParOldGen       total 79872K, used 57331K [0x0000000080000000, 0x0000000084e00000, 0x00000000d5580000)
  object space 79872K, 71% used [0x0000000080000000,0x00000000837fcee0,0x0000000084e00000)
 Metaspace       used 86038K, capacity 90774K, committed 90920K, reserved 1128448K
  class space    used 11610K, capacity 12523K, committed 12592K, reserved 1048576K
}

